2026-03-11 17:39:48,985 [INFO] ============================================================
2026-03-11 17:39:48,986 [INFO] SINCRONIZACIÓN API → SHOPIFY
2026-03-11 17:39:48,986 [INFO] ============================================================
2026-03-11 17:39:48,986 [INFO] Obteniendo token de Shopify...
2026-03-11 17:39:49,652 [INFO] Token de Shopify obtenido correctamente
2026-03-11 17:39:49,653 [INFO] Consultando API de inventario...
2026-03-11 17:39:51,915 [INFO] Recibidos 58562 productos de la API
2026-03-11 17:39:51,926 [INFO] Modo prueba activo: solo se sincronizarán 3 productos
2026-03-11 17:39:51,927 [INFO] Descargando productos existentes de Shopify...
2026-03-11 17:39:57,646 [INFO]   Página 1: 250 productos (total: 250)
2026-03-11 17:40:02,809 [INFO]   Página 2: 250 productos (total: 500)
2026-03-11 17:40:03,961 [INFO]   Página 3: 32 productos (total: 532)
2026-03-11 17:40:03,962 [INFO] Total productos en Shopify: 532
2026-03-11 17:40:03,963 [INFO] Índice SKU construido: 0 SKUs únicos en Shopify
2026-03-11 17:40:04,531 [ERROR] Error fatal: 403 Client Error: Forbidden for url: https://kunqhm-km.myshopify.com/admin/api/2024-01/locations.json
2026-03-11 18:36:21,488 [INFO] ============================================================
2026-03-11 18:36:21,488 [INFO] SINCRONIZACIÓN API → SHOPIFY
2026-03-11 18:36:21,488 [INFO] ============================================================
2026-03-11 18:36:21,489 [INFO] Obteniendo token de Shopify...
2026-03-11 18:36:22,189 [INFO] Token de Shopify obtenido correctamente
2026-03-11 18:36:22,192 [INFO] Consultando API de inventario...
2026-03-11 18:36:28,567 [INFO] Recibidos 58565 productos de la API
2026-03-11 18:36:28,619 [INFO] Modo prueba activo: solo se sincronizarán 3 productos
2026-03-11 18:36:28,619 [INFO] Descargando productos existentes de Shopify...
2026-03-11 18:36:30,318 [INFO]   Página 1: 250 productos (total: 250)
2026-03-11 18:36:31,415 [INFO]   Página 2: 250 productos (total: 500)
2026-03-11 18:36:32,143 [INFO]   Página 3: 32 productos (total: 532)
2026-03-11 18:36:32,144 [INFO] Total productos en Shopify: 532
2026-03-11 18:36:32,145 [INFO] Índice SKU construido: 0 SKUs únicos en Shopify
2026-03-11 18:36:32,658 [ERROR] Error fatal: 403 Client Error: Forbidden for url: https://kunqhm-km.myshopify.com/admin/api/2024-01/locations.json
2026-03-11 19:24:09,780 [INFO] ============================================================
2026-03-11 19:24:09,781 [INFO] SINCRONIZACIÓN API → SHOPIFY
2026-03-11 19:24:09,781 [INFO] ============================================================
2026-03-11 19:24:09,781 [INFO] Obteniendo token de Shopify...
2026-03-11 19:24:10,441 [INFO] Token de Shopify obtenido correctamente
2026-03-11 19:24:10,445 [INFO] Consultando API de inventario...
2026-03-11 19:24:16,632 [INFO] Recibidos 58565 productos de la API
2026-03-11 19:24:16,688 [INFO] Modo prueba activo: solo se sincronizarán 3 productos
2026-03-11 19:24:16,688 [INFO] Descargando productos existentes de Shopify...
2026-03-11 19:24:18,025 [INFO]   Página 1: 250 productos (total: 250)
2026-03-11 19:24:19,068 [INFO]   Página 2: 250 productos (total: 500)
2026-03-11 19:24:19,635 [INFO]   Página 3: 32 productos (total: 532)
2026-03-11 19:24:19,636 [INFO] Total productos en Shopify: 532
2026-03-11 19:24:19,637 [INFO] Índice SKU construido: 0 SKUs únicos en Shopify
2026-03-11 19:24:20,077 [INFO] Ubicación principal: 47-6 Carrera 53 (ID: 80168714428)
2026-03-11 19:24:20,078 [INFO] Iniciando sincronización de 3 productos...
2026-03-11 19:24:20,078 [INFO] ------------------------------------------------------------
2026-03-11 19:24:21,655 [INFO]   [1/3] CREADO: 01001001 - TINT. ALFAPARF (stock: 0)
2026-03-11 19:24:23,040 [INFO]   [2/3] CREADO: 01001002 - TINT. ALFAPARF 1 NEGRO (stock: 0)
2026-03-11 19:24:24,627 [INFO]   [3/3] CREADO: 01001003 - TINT. ALFAPARF 1.11 NEGRO AZUL (stock: 0)
2026-03-11 19:24:24,628 [INFO] ============================================================
2026-03-11 19:24:24,628 [INFO] SINCRONIZACIÓN COMPLETADA
2026-03-11 19:24:24,628 [INFO]   Creados:      3
2026-03-11 19:24:24,628 [INFO]   Actualizados: 0
2026-03-11 19:24:24,628 [INFO]   Errores:      0
2026-03-11 19:24:24,629 [INFO]   Total:        3
2026-03-11 19:24:24,629 [INFO] ============================================================
2026-03-12 17:38:27,122 [INFO] ============================================================
2026-03-12 17:38:27,122 [INFO] SINCRONIZACIÓN API → SHOPIFY
2026-03-12 17:38:27,123 [INFO] ============================================================
2026-03-12 17:38:27,123 [INFO] Obteniendo token de Shopify...
2026-03-12 17:38:27,757 [INFO] Token de Shopify obtenido correctamente
2026-03-12 17:38:27,759 [INFO] Consultando API de inventario...
2026-03-12 17:38:37,409 [INFO] Recibidos 58498 productos de la API
2026-03-12 17:38:37,414 [INFO] Descargando productos existentes de Shopify...
2026-03-12 17:38:38,523 [INFO]   Página 1: 32 productos (total: 32)
2026-03-12 17:38:38,523 [INFO] Total productos en Shopify: 32
2026-03-12 17:38:38,524 [INFO] Índice SKU construido: 32 SKUs únicos en Shopify
2026-03-12 17:38:38,974 [INFO] Ubicación principal: 47-6 Carrera 53 (ID: 80168714428)
2026-03-12 17:38:38,976 [INFO] Iniciando sincronización de 58498 productos...
2026-03-12 17:38:38,976 [INFO] ------------------------------------------------------------
2026-03-12 17:38:40,374 [INFO]   [1/58498] ACTUALIZADO: 01001001 - TINT. ALFAPARF (stock: 0)
2026-03-12 17:38:41,695 [INFO]   [2/58498] ACTUALIZADO: 01001002 - TINT. ALFAPARF 1 NEGRO (stock: 0)
2026-03-12 17:38:42,918 [INFO]   [3/58498] ACTUALIZADO: 01001003 - TINT. ALFAPARF 1.11 NEGRO AZUL (stock: 0)
2026-03-12 17:38:44,428 [INFO]   [4/58498] CREADO: 01001004 - TINT. ALFAPARF 10 RUBIO EXTRACLARO (stock: 0)
2026-03-12 17:38:45,890 [INFO]   [5/58498] CREADO: 01001005 - TINT. ALFAPARF 10.1 RUBIO EXTRA-CLA (stock: 0)
2026-03-12 17:38:47,172 [INFO]   [6/58498] ACTUALIZADO: 01001006 - TINT. ALFAPARF 10.21 RUBIO EXTRA-CL (stock: 0)
2026-03-12 17:38:48,450 [INFO]   [7/58498] CREADO: 01001007 - TINT. ALFAPARF 10.3 RUBIO EXT CL DO (stock: 0)
2026-03-12 17:38:49,938 [INFO]   [8/58498] CREADO: 01001008 - TINT. ALFAPARF 10NB   RUBIO EXTRACL (stock: 0)
2026-03-12 17:38:51,296 [INFO]   [9/58498] ACTUALIZADO: 01001009 - TINT. ALFAPARF 11.00 RUBIO PLATINO (stock: 0)
2026-03-12 17:38:52,877 [INFO]   [10/58498] CREADO: 01001010 - TINT. ALFAPARF 11.10 RUBIO PLATINO (stock: 0)
2026-03-12 17:38:54,618 [INFO]   [11/58498] CREADO: 01001011 - TINT. ALFAPARF 11.11 RUBIO PLATINO (stock: 0)
2026-03-12 17:38:56,143 [INFO]   [12/58498] CREADO: 01001012 - TINT. ALFAPARF 11.20 RUBIO PLATINO (stock: 0)
2026-03-12 17:38:57,568 [INFO]   [13/58498] CREADO: 01001013 - TINT. ALFAPARF 11.21 RUBIO PLATINO (stock: 0)
2026-03-12 17:38:59,032 [INFO]   [14/58498] CREADO: 01001014 - TINT. ALFAPARF 2 BRUNO (stock: 0)
2026-03-12 17:39:00,444 [INFO]   [15/58498] CREADO: 01001015 - TINT. ALFAPARF 2000 VIOLET (stock: 0)
2026-03-12 17:39:02,040 [INFO]   [16/58498] CREADO: 01001016 - TINT. ALFAPARF 3 CASTAÑO OSCURO (stock: 0)
2026-03-12 17:39:03,622 [INFO]   [17/58498] CREADO: 01001017 - TINT. ALFAPARF 3 NI CASTAÑO OSCURO (stock: 0)
2026-03-12 17:39:05,263 [INFO]   [18/58498] CREADO: 01001018 - TINT. ALFAPARF 3.22 CATAÑO O.I.I. (stock: 0)
2026-03-12 17:39:06,618 [INFO]   [19/58498] CREADO: 01001019 - TINT. ALFAPARF 3.65 CASTAÑO OSCURO (stock: 0)
2026-03-12 17:39:08,053 [INFO]   [20/58498] CREADO: 01001020 - TINT. ALFAPARF 3.7 CASTAÑO OSCURO (stock: 0)
2026-03-12 17:39:09,377 [INFO]   [21/58498] ACTUALIZADO: 01001021 - TINT. ALFAPARF 3000 AMARILLO (stock: 0)
2026-03-12 17:39:10,740 [INFO]   [22/58498] CREADO: 01001022 - TINT. ALFAPARF 4 CASTAÑO MEDIO (stock: 0)
2026-03-12 17:39:12,157 [INFO]   [23/58498] CREADO: 01001023 - TINT. ALFAPARF 4 NB CASTAÑO MEDIO (stock: 0)
2026-03-12 17:39:13,566 [INFO]   [24/58498] CREADO: 01001024 - TINT. ALFAPARF 4 NI CASTAÑO MEDIO I (stock: 0)
2026-03-12 17:39:14,417 [INFO] 
Sincronización cancelada por el usuario
2026-03-12 19:51:40,286 [INFO] ============================================================
2026-03-12 19:51:40,286 [INFO] SINCRONIZACIÓN API → SHOPIFY
2026-03-12 19:51:40,286 [INFO] ============================================================
2026-03-12 19:51:40,286 [INFO] Obteniendo token de Shopify...
2026-03-12 19:51:40,883 [INFO] Token de Shopify obtenido correctamente
2026-03-12 19:51:40,885 [INFO] Consultando API de inventario...
2026-03-12 19:51:47,486 [INFO] Recibidos 58498 productos de la API
2026-03-12 19:51:47,488 [INFO] Descargando productos existentes de Shopify...
2026-03-12 19:51:48,496 [INFO]   Página 1: 51 productos (total: 51)
2026-03-12 19:51:48,497 [INFO] Total productos en Shopify: 51
2026-03-12 19:51:48,498 [INFO] Índice SKU construido: 51 SKUs únicos en Shopify
2026-03-12 19:51:49,101 [INFO] Ubicación principal: 47-6 Carrera 53 (ID: 80168714428)
2026-03-12 19:51:49,103 [INFO] Iniciando sincronización de 58498 productos...
2026-03-12 19:51:49,103 [INFO] ------------------------------------------------------------
2026-03-12 19:51:50,497 [INFO]   [1/58498] ACTUALIZADO: 01001001 - TINT. ALFAPARF (stock: -3.0)
2026-03-12 19:51:52,273 [INFO]   [2/58498] ACTUALIZADO: 01001002 - TINT. ALFAPARF 1 NEGRO (stock: 967.0)
2026-03-12 19:51:53,566 [INFO]   [3/58498] ACTUALIZADO: 01001003 - TINT. ALFAPARF 1.11 NEGRO AZUL (stock: 398.0)
2026-03-12 19:51:54,833 [INFO]   [4/58498] ACTUALIZADO: 01001004 - TINT. ALFAPARF 10 RUBIO EXTRACLARO (stock: 402.0)
2026-03-12 19:51:56,095 [INFO]   [5/58498] ACTUALIZADO: 01001005 - TINT. ALFAPARF 10.1 RUBIO EXTRA-CLA (stock: 395.0)
2026-03-12 19:51:57,340 [INFO]   [6/58498] ACTUALIZADO: 01001006 - TINT. ALFAPARF 10.21 RUBIO EXTRA-CL (stock: 1181.0)
2026-03-12 19:51:58,725 [INFO]   [7/58498] ACTUALIZADO: 01001007 - TINT. ALFAPARF 10.3 RUBIO EXT CL DO (stock: 247.0)
2026-03-12 19:51:59,950 [INFO]   [8/58498] ACTUALIZADO: 01001008 - TINT. ALFAPARF 10NB   RUBIO EXTRACL (stock: 408.0)
2026-03-12 19:52:01,349 [INFO]   [9/58498] ACTUALIZADO: 01001009 - TINT. ALFAPARF 11.00 RUBIO PLATINO (stock: 237.0)
2026-03-12 19:52:02,532 [INFO]   [10/58498] ACTUALIZADO: 01001010 - TINT. ALFAPARF 11.10 RUBIO PLATINO (stock: 422.0)
2026-03-12 19:52:03,688 [INFO]   [11/58498] ACTUALIZADO: 01001011 - TINT. ALFAPARF 11.11 RUBIO PLATINO (stock: 831.0)
2026-03-12 19:52:05,183 [INFO]   [12/58498] ACTUALIZADO: 01001012 - TINT. ALFAPARF 11.20 RUBIO PLATINO (stock: 285.0)
2026-03-12 19:52:06,492 [INFO]   [13/58498] ACTUALIZADO: 01001013 - TINT. ALFAPARF 11.21 RUBIO PLATINO (stock: 1319.0)
2026-03-12 19:52:07,815 [INFO]   [14/58498] ACTUALIZADO: 01001014 - TINT. ALFAPARF 2 BRUNO (stock: 90.0)
2026-03-12 19:52:09,185 [INFO]   [15/58498] ACTUALIZADO: 01001015 - TINT. ALFAPARF 2000 VIOLET (stock: 30.0)
2026-03-12 19:52:10,621 [INFO]   [16/58498] ACTUALIZADO: 01001016 - TINT. ALFAPARF 3 CASTAÑO OSCURO (stock: 473.0)
2026-03-12 19:52:11,895 [INFO]   [17/58498] ACTUALIZADO: 01001017 - TINT. ALFAPARF 3 NI CASTAÑO OSCURO (stock: 0)
2026-03-12 19:52:13,164 [INFO]   [18/58498] ACTUALIZADO: 01001018 - TINT. ALFAPARF 3.22 CATAÑO O.I.I. (stock: 0)
2026-03-12 19:52:14,475 [INFO]   [19/58498] ACTUALIZADO: 01001019 - TINT. ALFAPARF 3.65 CASTAÑO OSCURO (stock: 0)
2026-03-12 19:52:15,791 [INFO]   [20/58498] ACTUALIZADO: 01001020 - TINT. ALFAPARF 3.7 CASTAÑO OSCURO (stock: 0)
2026-03-12 19:52:17,098 [INFO]   [21/58498] ACTUALIZADO: 01001021 - TINT. ALFAPARF 3000 AMARILLO (stock: -3.0)
2026-03-12 19:52:18,463 [INFO]   [22/58498] ACTUALIZADO: 01001022 - TINT. ALFAPARF 4 CASTAÑO MEDIO (stock: 356.0)
2026-03-12 19:52:19,829 [INFO]   [23/58498] ACTUALIZADO: 01001023 - TINT. ALFAPARF 4 NB CASTAÑO MEDIO (stock: 50.0)
2026-03-12 19:52:21,117 [INFO]   [24/58498] ACTUALIZADO: 01001024 - TINT. ALFAPARF 4 NI CASTAÑO MEDIO I (stock: 2.0)
2026-03-12 19:52:22,252 [INFO]   [25/58498] ACTUALIZADO: 01001025 - TINT. ALFAPARF 4.22 CASTAÑO M.I.I. (stock: 0)
2026-03-12 19:52:23,833 [INFO]   [26/58498] CREADO: 01001026 - TINT. ALFAPARF 4.32 CASTAÑO MEDIO D (stock: 78.0)
2026-03-12 19:52:25,654 [INFO]   [27/58498] CREADO: 01001027 - TINT. ALFAPARF 4.45 CASTAÑO M.C.C (stock: 0)
2026-03-12 19:52:27,020 [INFO]   [28/58498] CREADO: 01001028 - TINT. ALFAPARF 4.52 CASTAÑO MEDIO C (stock: 39.0)
2026-03-12 19:52:28,377 [INFO]   [29/58498] CREADO: 01001029 - TINT. ALFAPARF 4.65 CASTAÑO MEDIO R (stock: 16.0)
2026-03-12 19:52:29,855 [INFO]   [30/58498] CREADO: 01001030 - TINT. ALFAPARF 4.66I CASTAÑO MEDIO (stock: 60.0)
2026-03-12 19:52:31,317 [INFO]   [31/58498] CREADO: 01001031 - TINT. ALFAPARF 410 GRAFITO (stock: 33.0)
2026-03-12 19:52:32,662 [INFO]   [32/58498] CREADO: 01001032 - TINT. ALFAPARF 5 CASTAÑO CLARO (stock: 350.0)
2026-03-12 19:52:34,112 [INFO]   [33/58498] CREADO: 01001033 - TINT. ALFAPARF 5 NB CASTAÑO CLARO (stock: 169.0)
2026-03-12 19:52:35,517 [INFO]   [34/58498] CREADO: 01001034 - TINT. ALFAPARF 5 NI CASTAÑO CLARO I (stock: 131.0)
2026-03-12 19:52:37,057 [INFO]   [35/58498] CREADO: 01001035 - TINT. ALFAPARF 5.1 CASTAÑO CLARO CE (stock: 39.0)
2026-03-12 19:52:38,412 [INFO]   [36/58498] CREADO: 01001036 - TINT. ALFAPARF 5.14 CASTAÑO CLARO C (stock: 3.0)
2026-03-12 19:52:39,816 [INFO]   [37/58498] CREADO: 01001037 - TINT. ALFAPARF 5.22 CASTAÑO CLARO (stock: 17.0)
2026-03-12 19:52:41,146 [INFO]   [38/58498] CREADO: 01001038 - TINT. ALFAPARF 5.3 CASTAÑO CLARO DO (stock: 63.0)
2026-03-12 19:52:42,495 [INFO]   [39/58498] CREADO: 01001039 - TINT. ALFAPARF 5.32 CASTAÑO CLARO D (stock: 193.0)
2026-03-12 19:52:43,908 [INFO]   [40/58498] CREADO: 01001040 - TINT. ALFAPARF 5.35 CASTAÑO CLARO D (stock: 336.0)
2026-03-12 19:52:45,248 [INFO]   [41/58498] CREADO: 01001041 - TINT. ALFAPARF 5.4 CASTAÑO CLARO CO (stock: 0)
2026-03-12 19:52:46,649 [INFO]   [42/58498] CREADO: 01001042 - TINT. ALFAPARF 5.46 CASTAÑO CLARO (stock: 0)
2026-03-12 19:52:48,058 [INFO]   [43/58498] CREADO: 01001043 - TINT. ALFAPARF 5.5 CASTAÑO CLARO CA (stock: 57.0)
2026-03-12 19:52:49,530 [INFO]   [44/58498] CREADO: 01001044 - TINT. ALFAPARF 5.53 CASTAÑO CLARO C (stock: 195.0)
2026-03-12 19:52:51,045 [INFO]   [45/58498] CREADO: 01001045 - TINT. ALFAPARF 5.6 CASTAÑO CLARO RO (stock: 69.0)
2026-03-12 19:52:52,464 [INFO]   [46/58498] CREADO: 01001046 - TINT. ALFAPARF 5.62 CASTAÑO CLARO R (stock: 76.0)
2026-03-12 19:52:53,782 [INFO]   [47/58498] CREADO: 01001047 - TINT. ALFAPARF 5.65 CASTAÑO CLARO R (stock: 46.0)
2026-03-12 19:52:55,300 [INFO]   [48/58498] CREADO: 01001048 - TINT. ALFAPARF 5.66I CASTAÑO CLARO (stock: 138.0)
2026-03-12 19:52:56,883 [INFO]   [49/58498] CREADO: 01001049 - TINT. ALFAPARF 5.7 CASTAÑO CLARO M (stock: -3.0)
2026-03-12 19:52:58,209 [INFO]   [50/58498] ACTUALIZADO: 01001050 - TINT. ALFAPARF 6 NB RUBIO OSCURO (stock: 166.0)
2026-03-12 19:52:59,658 [INFO]   [51/58498] CREADO: 01001051 - TINT. ALFAPARF 6 NI RUBIO OSCURO IN (stock: 167.0)
2026-03-12 19:53:01,212 [INFO]   [52/58498] CREADO: 01001053 - TINT. ALFAPARF 6.01 RUBIO OSCURO (stock: -69.0)
2026-03-12 19:53:02,644 [INFO]   [53/58498] CREADO: 01001054 - TINT. ALFAPARF 6.1 RUBIO OSCURO CEN (stock: 142.0)
2026-03-12 19:53:04,082 [INFO]   [54/58498] CREADO: 01001055 - TINT. ALFAPARF 6.11 NEGRO AZUL (stock: 0)
2026-03-12 19:53:05,395 [INFO]   [55/58498] CREADO: 01001056 - TINT. ALFAPARF 6.14 RUBIO O.C.C. (stock: 3.0)
2026-03-12 19:53:06,883 [INFO]   [56/58498] CREADO: 01001057 - TINT. ALFAPARF 6.23 RUBIO OSCURO IR (stock: 42.0)
2026-03-12 19:53:08,494 [INFO]   [57/58498] CREADO: 01001058 - TINT. ALFAPARF 6.3 RUBIO OSCURO DOR (stock: 59.0)
2026-03-12 19:53:09,977 [INFO]   [58/58498] CREADO: 01001060 - TINT. ALFAPARF 6.32 RUBIO OSCURO DO (stock: 64.0)
2026-03-12 19:53:11,326 [INFO]   [59/58498] CREADO: 01001061 - TINT. ALFAPARF 6.35 RUBIO MEDIO DOR (stock: 561.0)
2026-03-12 19:53:12,748 [INFO]   [60/58498] CREADO: 01001063 - TINT. ALFAPARF 6.4 RUBIO OSCURO COB (stock: 48.0)
2026-03-12 19:53:14,149 [INFO]   [61/58498] CREADO: 01001064 - TINT. ALFAPARF 6.45 RUBIO OSCURO CO (stock: 20.0)
2026-03-12 19:53:15,644 [INFO]   [62/58498] CREADO: 01001065 - TINT. ALFAPARF 6.5 RUBIO OSCURO CA (stock: 55.0)
2026-03-12 19:53:17,052 [INFO]   [63/58498] CREADO: 01001066 - TINT. ALFAPARF 6.53 RUBIO OSCURO CA (stock: 307.0)
2026-03-12 19:53:18,408 [INFO]   [64/58498] CREADO: 01001067 - TINT. ALFAPARF 6.6 RUBIO OSCURO RO (stock: 164.0)
2026-03-12 19:53:19,843 [INFO]   [65/58498] CREADO: 01001068 - TINT. ALFAPARF 6.66I RUBIO OSCURO R (stock: 93.0)
2026-03-12 19:53:21,245 [INFO]   [66/58498] CREADO: 01001069 - TINT. ALFAPARF 6.7 RUBIO O.M. (stock: 0)
2026-03-12 19:53:22,799 [INFO]   [67/58498] CREADO: 01001071 - TINT. ALFAPARF 7.01 RUBIO MEDIO NAC (stock: 57.0)
2026-03-12 19:53:24,175 [INFO]   [68/58498] CREADO: 01001072 - TINT. ALFAPARF 7.1 RUBIO MEDIO CENI (stock: 347.0)
2026-03-12 19:53:25,595 [INFO]   [69/58498] CREADO: 01001073 - TINT. ALFAPARF 7.13 RUBIO MEDIO C.D (stock: 152.0)
2026-03-12 19:53:26,947 [INFO]   [70/58498] CREADO: 01001075 - TINT. ALFAPARF 7.14 RUBIO MEDIO C.C (stock: -21.0)
2026-03-12 19:53:28,241 [INFO]   [71/58498] CREADO: 01001076 - TINT. ALFAPARF 7.21 RUBIO MEDIO I.C (stock: 367.0)
2026-03-12 19:53:29,553 [INFO]   [72/58498] CREADO: 01001077 - TINT. ALFAPARF 7.3 RUBIO MEDIO DORA (stock: 270.0)
2026-03-12 19:53:29,812 [INFO] 
Sincronización cancelada por el usuario
